Determining if the pthread_create exist failed with the following output:
Change Dir: /home/fmurillom/Documents/Tec/DatosII/Proyecto II/Prueba/cmake-build-debug/CMakeFiles/CMakeTmp

Run Build Command:"/usr/bin/make" "cmTC_192a0/fast"
/usr/bin/make -f CMakeFiles/cmTC_192a0.dir/build.make CMakeFiles/cmTC_192a0.dir/build
make[1]: Entering directory '/home/fmurillom/Documents/Tec/DatosII/Proyecto II/Prueba/cmake-build-debug/CMakeFiles/CMakeTmp'
Building C object CMakeFiles/cmTC_192a0.dir/CheckSymbolExists.c.o
/usr/bin/cc    -o CMakeFiles/cmTC_192a0.dir/CheckSymbolExists.c.o   -c "/home/fmurillom/Documents/Tec/DatosII/Proyecto II/Prueba/cmake-build-debug/CMakeFiles/CMakeTmp/CheckSymbolExists.c"
Linking C executable cmTC_192a0
/snap/clion/19/bin/cmake/bin/cmake -E cmake_link_script CMakeFiles/cmTC_192a0.dir/link.txt --verbose=1
/usr/bin/cc      -rdynamic CMakeFiles/cmTC_192a0.dir/CheckSymbolExists.c.o  -o cmTC_192a0 
CMakeFiles/cmTC_192a0.dir/CheckSymbolExists.c.o: In function `main':
CheckSymbolExists.c:(.text+0x1b): undefined reference to `pthread_create'
collect2: error: ld returned 1 exit status
CMakeFiles/cmTC_192a0.dir/build.make:97: recipe for target 'cmTC_192a0' failed
make[1]: *** [cmTC_192a0] Error 1
make[1]: Leaving directory '/home/fmurillom/Documents/Tec/DatosII/Proyecto II/Prueba/cmake-build-debug/CMakeFiles/CMakeTmp'
Makefile:126: recipe for target 'cmTC_192a0/fast' failed
make: *** [cmTC_192a0/fast] Error 2

File /home/fmurillom/Documents/Tec/DatosII/Proyecto II/Prueba/cmake-build-debug/CMakeFiles/CMakeTmp/CheckSymbolExists.c:
/* */
#include <pthread.h>

int main(int argc, char** argv)
{
  (void)argv;
#ifndef pthread_create
  return ((int*)(&pthread_create))[argc];
#else
  (void)argc;
  return 0;
#endif
}

Determining if the function pthread_create exists in the pthreads failed with the following output:
Change Dir: /home/fmurillom/Documents/Tec/DatosII/Proyecto II/Prueba/cmake-build-debug/CMakeFiles/CMakeTmp

Run Build Command:"/usr/bin/make" "cmTC_5820d/fast"
/usr/bin/make -f CMakeFiles/cmTC_5820d.dir/build.make CMakeFiles/cmTC_5820d.dir/build
make[1]: Entering directory '/home/fmurillom/Documents/Tec/DatosII/Proyecto II/Prueba/cmake-build-debug/CMakeFiles/CMakeTmp'
Building C object CMakeFiles/cmTC_5820d.dir/CheckFunctionExists.c.o
/usr/bin/cc   -DCHECK_FUNCTION_EXISTS=pthread_create   -o CMakeFiles/cmTC_5820d.dir/CheckFunctionExists.c.o   -c /snap/clion/19/bin/cmake/share/cmake-3.10/Modules/CheckFunctionExists.c
Linking C executable cmTC_5820d
/snap/clion/19/bin/cmake/bin/cmake -E cmake_link_script CMakeFiles/cmTC_5820d.dir/link.txt --verbose=1
/usr/bin/cc  -DCHECK_FUNCTION_EXISTS=pthread_create    -rdynamic CMakeFiles/cmTC_5820d.dir/CheckFunctionExists.c.o  -o cmTC_5820d -lpthreads 
/usr/bin/x86_64-linux-gnu-ld: cannot find -lpthreads
collect2: error: ld returned 1 exit status
CMakeFiles/cmTC_5820d.dir/build.make:97: recipe for target 'cmTC_5820d' failed
make[1]: *** [cmTC_5820d] Error 1
make[1]: Leaving directory '/home/fmurillom/Documents/Tec/DatosII/Proyecto II/Prueba/cmake-build-debug/CMakeFiles/CMakeTmp'
Makefile:126: recipe for target 'cmTC_5820d/fast' failed
make: *** [cmTC_5820d/fast] Error 2


